<?xml version="1.0" encoding="UTF-8"?>
<robot generator="Robot 4.0.2 (Python 3.9.2 on win32)" generated="20210622 15:15:59.268" rpa="false" schemaversion="2">
<suite id="s1" name="Rwa Smoke" source="C:\course-robot-framework-python-rwa\ui\testsuites\rwa\tests\rwa_smoke.robot">
<kw name="Open browser to application" library="browser" type="SETUP">
<arg>rwa</arg>
<arg>${browser}</arg>
<doc>Otevre prohlizec na strance dane aplikace</doc>
<kw name="Log To Console" library="BuiltIn">
<arg>Otevreni prohlizece ${browser} na strance aplikace ${application_name}</arg>
<doc>Logs the given message to the console.</doc>
<status status="PASS" starttime="20210622 15:15:59.783" endtime="20210622 15:15:59.783"/>
</kw>
<kw name="Get Base Url" library="dataprovider">
<var>${url}</var>
<arg>${application_name}</arg>
<doc>Metoda vraci base URL pro vybranou aplikaci / api z python modulu s testovacimi daty.</doc>
<msg timestamp="20210622 15:15:59.783" level="INFO">${url} = http://localhost:3000</msg>
<status status="PASS" starttime="20210622 15:15:59.783" endtime="20210622 15:15:59.783"/>
</kw>
<kw name="Open Browser" library="SeleniumLibrary">
<arg>${url}</arg>
<arg>browser=${browser}</arg>
<doc>Opens a new browser instance to the optional ``url``.</doc>
<msg timestamp="20210622 15:15:59.783" level="INFO">Opening browser 'ff' to base url 'http://localhost:3000'.</msg>
<msg timestamp="20210622 15:15:59.783" level="INFO">Firefox driver log is always forced to to: C:\course-robot-framework-python-rwa\ui\testsuites\rwa\tests\geckodriver-6.log</msg>
<status status="PASS" starttime="20210622 15:15:59.783" endtime="20210622 15:16:08.784"/>
</kw>
<kw name="Maximize Browser Window" library="SeleniumLibrary">
<doc>Maximizes current browser window.</doc>
<status status="PASS" starttime="20210622 15:16:08.784" endtime="20210622 15:16:08.784"/>
</kw>
<kw name="Set Selenium Speed" library="SeleniumLibrary">
<arg>${selenium_command_delay}</arg>
<doc>Sets the delay that is waited after each Selenium command.</doc>
<status status="PASS" starttime="20210622 15:16:08.784" endtime="20210622 15:16:08.784"/>
</kw>
<kw name="Log To Console" library="BuiltIn">
<arg>Prohlizec otevren - OK</arg>
<doc>Logs the given message to the console.</doc>
<status status="PASS" starttime="20210622 15:16:08.784" endtime="20210622 15:16:08.800"/>
</kw>
<status status="PASS" starttime="20210622 15:15:59.783" endtime="20210622 15:16:08.800"/>
</kw>
<test id="s1-t1" name="Successful login to application">
<kw name="Login to rwa" library="auth">
<arg>${login_data}[username]</arg>
<arg>${login_data}[password]</arg>
<doc>Prihlasi se do aplikace rwa</doc>
<kw name="Log To Console" library="BuiltIn">
<arg>${\n}Prihlaseni se do aplikace rwa</arg>
<doc>Logs the given message to the console.</doc>
<status status="PASS" starttime="20210622 15:16:08.815" endtime="20210622 15:16:08.815"/>
</kw>
<kw name="Enter Username" library="LoginPage">
<arg>${username}</arg>
<doc>Vlozi text do pole `Username`.</doc>
<msg timestamp="20210622 15:16:10.706" level="INFO">Clicking element 'username'.</msg>
<msg timestamp="20210622 15:16:12.472" level="INFO">Sending key(s) ('Jessyca.Kuhic',) to page.</msg>
<msg timestamp="20210622 15:16:12.472" level="INFO">Sending keys Jessyca.Kuhic</msg>
<status status="PASS" starttime="20210622 15:16:08.815" endtime="20210622 15:16:13.098"/>
</kw>
<kw name="Enter Password" library="LoginPage">
<arg>${password}</arg>
<doc>Vlozi zadany text do pole `Password`.</doc>
<msg timestamp="20210622 15:16:14.973" level="INFO">Clicking element 'password'.</msg>
<msg timestamp="20210622 15:16:16.801" level="INFO">Sending key(s) ('s3cret',) to page.</msg>
<msg timestamp="20210622 15:16:16.801" level="INFO">Sending keys s3cret</msg>
<status status="PASS" starttime="20210622 15:16:13.098" endtime="20210622 15:16:17.301"/>
</kw>
<kw name="Click Sign In Button" library="LoginPage">
<doc>Stiskne tlacitko `SIGN IN`.</doc>
<msg timestamp="20210622 15:16:19.192" level="INFO">Clicking element 'css:[data-test=signin-submit]'.</msg>
<status status="PASS" starttime="20210622 15:16:17.301" endtime="20210622 15:16:20.129"/>
</kw>
<kw name="Wait For Logout Button" library="SideNavBar">
<doc>Pocka na zobrazeni tlacitka Logout.</doc>
<status status="PASS" starttime="20210622 15:16:20.129" endtime="20210622 15:16:22.241"/>
</kw>
<kw name="Log To Console" library="BuiltIn">
<arg>Prihlaseni se do aplikace rwa probehlo uspesne - OK</arg>
<doc>Logs the given message to the console.</doc>
<status status="PASS" starttime="20210622 15:16:22.241" endtime="20210622 15:16:22.241"/>
</kw>
<status status="PASS" starttime="20210622 15:16:08.800" endtime="20210622 15:16:22.241"/>
</kw>
<kw name="Logout from rwa" library="auth">
<doc>Odhlasi se z aplikace rwa</doc>
<kw name="Log To Console" library="BuiltIn">
<arg>${\n}Odhlaseni z aplikace rwa</arg>
<doc>Logs the given message to the console.</doc>
<status status="PASS" starttime="20210622 15:16:22.241" endtime="20210622 15:16:22.241"/>
</kw>
<kw name="Click Logout Button" library="SideNavBar">
<doc>Stiskne tlacitko `Logout` pro odhlaseni z aplikace</doc>
<msg timestamp="20210622 15:16:24.098" level="INFO">Clicking element 'css:[data-test=sidenav-signout]'.</msg>
<status status="PASS" starttime="20210622 15:16:22.241" endtime="20210622 15:16:24.989"/>
</kw>
<kw name="Wait For Sign In Button" library="LoginPage">
<doc>Pocka na zobrazeni tlacitka SIGN IN</doc>
<status status="PASS" starttime="20210622 15:16:24.989" endtime="20210622 15:16:26.856"/>
</kw>
<kw name="Log To Console" library="BuiltIn">
<arg>Odhlaseni z aplikace rwa probehlo uspesne - OK</arg>
<doc>Logs the given message to the console.</doc>
<status status="PASS" starttime="20210622 15:16:26.856" endtime="20210622 15:16:26.856"/>
</kw>
<status status="PASS" starttime="20210622 15:16:22.241" endtime="20210622 15:16:26.856"/>
</kw>
<doc>Uspesne prihlaseni do aplikace rwa</doc>
<tag>login</tag>
<status status="PASS" starttime="20210622 15:16:08.800" endtime="20210622 15:16:26.856"/>
</test>
<test id="s1-t2" name="Send money to recipient">
<kw name="Login to rwa" library="auth" type="SETUP">
<doc>Prihlasi se do aplikace rwa</doc>
<kw name="Log To Console" library="BuiltIn">
<arg>${\n}Prihlaseni se do aplikace rwa</arg>
<doc>Logs the given message to the console.</doc>
<status status="PASS" starttime="20210622 15:16:26.856" endtime="20210622 15:16:26.856"/>
</kw>
<kw name="Enter Username" library="LoginPage">
<arg>${username}</arg>
<doc>Vlozi text do pole `Username`.</doc>
<msg timestamp="20210622 15:16:28.767" level="INFO">Clicking element 'username'.</msg>
<msg timestamp="20210622 15:16:30.552" level="INFO">Sending key(s) ('Jessyca.Kuhic',) to page.</msg>
<msg timestamp="20210622 15:16:30.552" level="INFO">Sending keys Jessyca.Kuhic</msg>
<status status="PASS" starttime="20210622 15:16:26.864" endtime="20210622 15:16:31.197"/>
</kw>
<kw name="Enter Password" library="LoginPage">
<arg>${password}</arg>
<doc>Vlozi zadany text do pole `Password`.</doc>
<msg timestamp="20210622 15:16:33.084" level="INFO">Clicking element 'password'.</msg>
<msg timestamp="20210622 15:16:34.943" level="INFO">Sending key(s) ('s3cret',) to page.</msg>
<msg timestamp="20210622 15:16:34.943" level="INFO">Sending keys s3cret</msg>
<status status="PASS" starttime="20210622 15:16:31.197" endtime="20210622 15:16:35.416"/>
</kw>
<kw name="Click Sign In Button" library="LoginPage">
<doc>Stiskne tlacitko `SIGN IN`.</doc>
<msg timestamp="20210622 15:16:37.302" level="INFO">Clicking element 'css:[data-test=signin-submit]'.</msg>
<status status="PASS" starttime="20210622 15:16:35.416" endtime="20210622 15:16:38.240"/>
</kw>
<kw name="Wait For Logout Button" library="SideNavBar">
<doc>Pocka na zobrazeni tlacitka Logout.</doc>
<status status="PASS" starttime="20210622 15:16:38.240" endtime="20210622 15:16:40.350"/>
</kw>
<kw name="Log To Console" library="BuiltIn">
<arg>Prihlaseni se do aplikace rwa probehlo uspesne - OK</arg>
<doc>Logs the given message to the console.</doc>
<status status="PASS" starttime="20210622 15:16:40.350" endtime="20210622 15:16:40.350"/>
</kw>
<status status="PASS" starttime="20210622 15:16:26.856" endtime="20210622 15:16:40.350"/>
</kw>
<kw name="Get actual account balance" library="transactions">
<doc>Vrati aktualni zustatek na uctu a tuo hodnotu ulozi do globalni promenne reference_account_balance</doc>
<kw name="Log To Console" library="BuiltIn">
<arg>${\n}Nacitani aktualniho zustatku na uctu</arg>
<doc>Logs the given message to the console.</doc>
<status status="PASS" starttime="20210622 15:16:40.350" endtime="20210622 15:16:40.350"/>
</kw>
<kw name="Get Account Balance" library="SideNavBar">
<var>${actual_account_balance}</var>
<doc>Nacte aktualni zustatek na uctu</doc>
<msg timestamp="20210622 15:16:42.795" level="INFO">${actual_account_balance} = 693.69</msg>
<status status="PASS" starttime="20210622 15:16:40.350" endtime="20210622 15:16:42.795"/>
</kw>
<kw name="Set Test Variable" library="BuiltIn">
<arg>${reference_account_balance}</arg>
<arg>${actual_account_balance}</arg>
<doc>Makes a variable available everywhere within the scope of the current test.</doc>
<msg timestamp="20210622 15:16:42.795" level="INFO">${reference_account_balance} = 693.69</msg>
<status status="PASS" starttime="20210622 15:16:42.795" endtime="20210622 15:16:42.795"/>
</kw>
<kw name="Log To Console" library="BuiltIn">
<arg>Aktualni vyse zustatku na uctu je: ${actual_account_balance}</arg>
<doc>Logs the given message to the console.</doc>
<status status="PASS" starttime="20210622 15:16:42.795" endtime="20210622 15:16:42.795"/>
</kw>
<kw name="Return From Keyword" library="BuiltIn">
<arg>${actual_account_balance}</arg>
<doc>Returns from the enclosing user keyword.</doc>
<msg timestamp="20210622 15:16:42.795" level="INFO">Returning from the enclosing user keyword.</msg>
<status status="PASS" starttime="20210622 15:16:42.795" endtime="20210622 15:16:42.795"/>
</kw>
<status status="PASS" starttime="20210622 15:16:40.350" endtime="20210622 15:16:42.795"/>
</kw>
<kw name="Send money" library="transactions">
<arg>${transaction_data}[recipient]</arg>
<arg>${transaction_data}[amount]</arg>
<arg>${transaction_data}[description]</arg>
<doc>Odesle prikay k platbe pro zadaneho prijemce</doc>
<kw name="Log To Console" library="BuiltIn">
<arg>${\n} Odeslani ${amount}$ uzivateli ${recipient_name}</arg>
<doc>Logs the given message to the console.</doc>
<status status="PASS" starttime="20210622 15:16:42.795" endtime="20210622 15:16:42.795"/>
</kw>
<kw name="Click New Transaction Button" library="TopNavBar">
<doc>Stiskne tlacitko '$ NEW' pro otevreni nove transakce</doc>
<msg timestamp="20210622 15:16:44.683" level="INFO">Clicking element 'CSS:[data-test=nav-top-new-transaction]'.</msg>
<status status="PASS" starttime="20210622 15:16:42.795" endtime="20210622 15:16:45.647"/>
</kw>
<kw name="Select Recipient By Name" library="NewTransactionPage">
<arg>${recipient_name}</arg>
<doc>Vyberte prijemce platbz kliknutim na jeho jmeno</doc>
<msg timestamp="20210622 15:16:47.522" level="INFO">Clicking element '//span[text()='Edgar Johns']'.</msg>
<status status="PASS" starttime="20210622 15:16:45.647" endtime="20210622 15:16:48.522"/>
</kw>
<kw name="Enter Transaction Amount" library="NewTransactionPage">
<arg>${amount}</arg>
<doc>Vyplni vysi transakce</doc>
<msg timestamp="20210622 15:16:50.413" level="INFO">Clicking element 'amount'.</msg>
<msg timestamp="20210622 15:16:52.195" level="INFO">Sending key(s) ('30',) to page.</msg>
<msg timestamp="20210622 15:16:52.195" level="INFO">Sending keys 30</msg>
<status status="PASS" starttime="20210622 15:16:48.522" endtime="20210622 15:16:52.601"/>
</kw>
<kw name="Enter Transaction Description" library="NewTransactionPage">
<arg>${description}</arg>
<doc>:param description: popis platby</doc>
<msg timestamp="20210622 15:16:54.485" level="INFO">Clicking element 'css:#transaction-create-description-input'.</msg>
<msg timestamp="20210622 15:16:56.304" level="INFO">Sending key(s) ('Vracim dluh',) to page.</msg>
<msg timestamp="20210622 15:16:56.304" level="INFO">Sending keys Vracim dluh</msg>
<status status="PASS" starttime="20210622 15:16:52.601" endtime="20210622 15:16:56.867"/>
</kw>
<kw name="Submit Transaction" library="NewTransactionPage">
<doc>Stiskne tlacitko 'PAY' pro odeslani platby.</doc>
<msg timestamp="20210622 15:16:58.758" level="INFO">Clicking element 'css:[data-test=transaction-create-submit-payment]'.</msg>
<status status="PASS" starttime="20210622 15:16:56.867" endtime="20210622 15:17:00.117"/>
</kw>
<kw name="Log To Console" library="BuiltIn">
<arg>Zadani prikazu probehlo uspesne - OK</arg>
<doc>Logs the given message to the console.</doc>
<status status="PASS" starttime="20210622 15:17:00.117" endtime="20210622 15:17:00.117"/>
</kw>
<status status="PASS" starttime="20210622 15:16:42.795" endtime="20210622 15:17:00.117"/>
</kw>
<kw name="Logout from rwa" library="auth" type="TEARDOWN">
<doc>Odhlasi se z aplikace rwa</doc>
<kw name="Log To Console" library="BuiltIn">
<arg>${\n}Odhlaseni z aplikace rwa</arg>
<doc>Logs the given message to the console.</doc>
<status status="PASS" starttime="20210622 15:17:00.117" endtime="20210622 15:17:00.117"/>
</kw>
<kw name="Click Logout Button" library="SideNavBar">
<doc>Stiskne tlacitko `Logout` pro odhlaseni z aplikace</doc>
<msg timestamp="20210622 15:17:01.996" level="INFO">Clicking element 'css:[data-test=sidenav-signout]'.</msg>
<status status="PASS" starttime="20210622 15:17:00.117" endtime="20210622 15:17:02.867"/>
</kw>
<kw name="Wait For Sign In Button" library="LoginPage">
<doc>Pocka na zobrazeni tlacitka SIGN IN</doc>
<status status="PASS" starttime="20210622 15:17:02.867" endtime="20210622 15:17:04.774"/>
</kw>
<kw name="Log To Console" library="BuiltIn">
<arg>Odhlaseni z aplikace rwa probehlo uspesne - OK</arg>
<doc>Logs the given message to the console.</doc>
<status status="PASS" starttime="20210622 15:17:04.774" endtime="20210622 15:17:04.774"/>
</kw>
<status status="PASS" starttime="20210622 15:17:00.117" endtime="20210622 15:17:04.774"/>
</kw>
<doc>Odeslani platby</doc>
<tag>smoke</tag>
<tag>trans</tag>
<status status="PASS" starttime="20210622 15:16:26.856" endtime="20210622 15:17:04.774"/>
</test>
<kw name="Close All Browsers" library="SeleniumLibrary" type="TEARDOWN">
<doc>Closes all open browsers and resets the browser cache.</doc>
<status status="PASS" starttime="20210622 15:17:04.774" endtime="20210622 15:17:06.242"/>
</kw>
<doc>Zakladni testy aplikace Real World Application</doc>
<status status="PASS" starttime="20210622 15:15:59.268" endtime="20210622 15:17:06.242"/>
</suite>
<statistics>
<total>
<stat pass="2" fail="0" skip="0">All Tests</stat>
</total>
<tag>
<stat pass="1" fail="0" skip="0">login</stat>
<stat pass="1" fail="0" skip="0">smoke</stat>
<stat pass="1" fail="0" skip="0">trans</stat>
</tag>
<suite>
<stat pass="2" fail="0" skip="0" id="s1" name="Rwa Smoke">Rwa Smoke</stat>
</suite>
</statistics>
<errors>
</errors>
</robot>
