<?xml version="1.0" encoding="UTF-8"?>
<robot generator="Robot 3.2.2 (Python 3.7.3 on win32)" generated="20210304 20:47:30.124" rpa="false">
<suite id="s1" name="Rwa Api Smoke" source="C:\Users\kristd\PycharmProjects\train\api\testsuites\rwa\tests\rwa_api_smoke.robot">
<kw name="Setup" library="SuiteSetup" type="setup">
<doc>KW prihlasi uzivatele do aplikace rwa.</doc>
<msg timestamp="20210304 20:47:30.735" level="TRACE">Arguments: [  ]</msg>
<msg timestamp="20210304 20:47:30.755" level="DEBUG">Starting new HTTP connection (1): localhost:3001</msg>
<msg timestamp="20210304 20:47:30.857" level="DEBUG">http://localhost:3001 "POST /login HTTP/1.1" 200 470</msg>
<msg timestamp="20210304 20:47:30.859" level="INFO">${USER_ID} = t45AiwidW</msg>
<msg timestamp="20210304 20:47:30.860" level="INFO">${USER_BALANCE} = 168137</msg>
<msg timestamp="20210304 20:47:30.864" level="WARN">login: doslo k uspesnemu prihlaseni uzivatele: Katharina_Bernier</msg>
<msg timestamp="20210304 20:47:30.864" level="TRACE">Return: None</msg>
<status status="PASS" starttime="20210304 20:47:30.735" endtime="20210304 20:47:30.864"></status>
</kw>
<test id="s1-t1" name="Get bank account">
<kw name="Get Bank Account" library="BankAccounts">
<doc>KW overi detaily vychoziho bankovniho uctu prihlaseneho uzivatele pomoci GET /bankAccounts.</doc>
<msg timestamp="20210304 20:47:30.865" level="TRACE">Arguments: [  ]</msg>
<msg timestamp="20210304 20:47:30.875" level="DEBUG">http://localhost:3001 "GET /bankAccounts HTTP/1.1" 200 290</msg>
<msg timestamp="20210304 20:47:30.878" level="WARN">get-bank-acc: detaily uctu z api jsou shodne s ocekavanymi vysledky</msg>
<msg timestamp="20210304 20:47:30.878" level="TRACE">Return: None</msg>
<status status="PASS" starttime="20210304 20:47:30.865" endtime="20210304 20:47:30.879"></status>
</kw>
<doc>Test overi spravnost detailu vychoziho bankovniho uctu prihlaseneho uzivatele.</doc>
<tags>
<tag>get_bank_acc</tag>
<tag>smoke</tag>
</tags>
<status status="PASS" starttime="20210304 20:47:30.864" endtime="20210304 20:47:30.879" critical="yes"></status>
</test>
<test id="s1-t2" name="Get notifications">
<kw name="Get Notification List" library="Notifications">
<doc>KW vraci python slovnik se vsemi notifikacemi prihlaseneho uzivatele pomoci GET /notifications.</doc>
<msg timestamp="20210304 20:47:30.880" level="TRACE">Arguments: [  ]</msg>
<msg timestamp="20210304 20:47:30.891" level="DEBUG">http://localhost:3001 "GET /notifications HTTP/1.1" 200 2142</msg>
<msg timestamp="20210304 20:47:30.892" level="TRACE">Return: {'results': [{'createdAt': '2019-10-15T13:21:49.772Z',
              'id': '9m-W-uI5fQUF',
              'isRead': False,
              'likeId': 'heOJ8kL74llw',
              'modifiedAt': '2020-05-21T20:08:05.787Z',
              'transactionId': 'PPrW38YZtQD',
              'userFullName': 'Ibrahim Dickens',
              'userId': 't45AiwidW',
              'uuid': 'f4a10fbf-d12e-4a6d-b888-d86989b66687'},
             {'createdAt': '2019-11-12T12:51:00.239Z',
              'id': 'tk8jNBQURvQz',
              'isRead': False,
              'modifiedAt': '2020-05-21T18:26:16.366Z',
              'status': 'received',
              'transactionId': 'xAsSYDsiEGSj',
              'userFullName': 'Kaylin Homenick',
              'userId': 't45AiwidW',
              'uuid': 'c4ece032-38e3-47e9-8284-fbfa6d96ef9a'},
             {'createdAt': '2019-09-20T22:27:10.721Z',
              'id': '95qRwfJnSORQ',
              'isRead': False,
              'modifiedAt': '2020-05-21T14:55:58.008Z',
              'status': 'requested',
              'transactionId': 'xAsSYDsiEGSj',
              'userFullName': 'Kaylin Homenick',
              'userId': 't45AiwidW',
              'uuid': '0b5a0f25-c56b-4434-ba4d-21f133d8964f'},
             {'createdAt': '2019-11-14T17:00:33.637Z',
              'id': 'Fq8xLCRtpWhT',
              'isRead': False,
              'modifiedAt': '2020-05-21T12:51:07.700Z',
              'status': 'received',
              'transactionId': '76Vs0Fye9Mwt',
              'userFullName': 'Edgar Johns',
              'userId': 't45AiwidW',
              'uuid': '0e2dc23a-1d85-49e5-98fb-93f9e8f961bb'},
             {'commentId': 'K3HLpKcGKDiP',
              'createdAt': '2019-06-20T06:13:18.420Z',
              'id': '88Nrddj3XCir',
              'isRead': False,
              'modifiedAt': '2020-05-21T11:22:54.822Z',
              'transactionId': 'lPUBZKlc4MLR',
              'userFullName': 'Edgar Johns',
              'userId': 't45AiwidW',
              'uuid': '7b1697cf-4240-4eed-bc19-e60f60268b31'},
             {'createdAt': '2020-03-08T01:11:42.032Z',
              'id': 'Bf5th29A1FHa',
              'isRead': False,
              'modifiedAt': '2020-05-21T09:41:32.115Z',
              'status': 'requested',
              'transactionId': '76Vs0Fye9Mwt',
              'userFullName': 'Edgar Johns',
              'userId': 't45AiwidW',
              'uuid': 'f9a7bdb3-7c32-44bf-8ce6-af31ebffd7b3'},
             {'createdAt': '2020-01-27T17:56:05.262Z',
              'id': 'kpQnRR8__imz',
              'isRead': False,
              'modifiedAt': '2020-05-21T09:41:18.687Z',
              'status': 'received',
              'transactionId': 'b0mCj0O2EKHN',
              'userFullName': 'Edgar Johns',
              'userId': 't45AiwidW',
              'uuid': '28e9c413-eb1c-488b-9a37-0755fd35cd15'},
             {'createdAt': '2019-11-25T00:43:47.170Z',
              'id': 'ojTwLrF1tDvQ',
              'isRead': False,
              'modifiedAt': '2020-05-21T02:47:36.259Z',
              'status': 'requested',
              'transactionId': 'b0mCj0O2EKHN',
              'userFullName': 'Edgar Johns',
              'userId': 't45AiwidW',
              'uuid': '792ea312-b91f-406b-8929-77f83cdd6094'}]}</msg>
<status status="PASS" starttime="20210304 20:47:30.880" endtime="20210304 20:47:30.894"></status>
</kw>
<doc>Test vrati seznam vsech notifikaci prihlaseneho uzivatele.</doc>
<tags>
<tag>get_notif</tag>
<tag>smoke</tag>
</tags>
<status status="PASS" starttime="20210304 20:47:30.879" endtime="20210304 20:47:30.895" critical="yes"></status>
</test>
<test id="s1-t3" name="Delete n notifications">
<kw name="Get Notification List" library="Notifications">
<doc>KW vraci python slovnik se vsemi notifikacemi prihlaseneho uzivatele pomoci GET /notifications.</doc>
<msg timestamp="20210304 20:47:30.897" level="TRACE">Arguments: [  ]</msg>
<msg timestamp="20210304 20:47:30.906" level="DEBUG">http://localhost:3001 "GET /notifications HTTP/1.1" 200 2142</msg>
<msg timestamp="20210304 20:47:30.907" level="TRACE">Return: {'results': [{'createdAt': '2019-10-15T13:21:49.772Z',
              'id': '9m-W-uI5fQUF',
              'isRead': False,
              'likeId': 'heOJ8kL74llw',
              'modifiedAt': '2020-05-21T20:08:05.787Z',
              'transactionId': 'PPrW38YZtQD',
              'userFullName': 'Ibrahim Dickens',
              'userId': 't45AiwidW',
              'uuid': 'f4a10fbf-d12e-4a6d-b888-d86989b66687'},
             {'createdAt': '2019-11-12T12:51:00.239Z',
              'id': 'tk8jNBQURvQz',
              'isRead': False,
              'modifiedAt': '2020-05-21T18:26:16.366Z',
              'status': 'received',
              'transactionId': 'xAsSYDsiEGSj',
              'userFullName': 'Kaylin Homenick',
              'userId': 't45AiwidW',
              'uuid': 'c4ece032-38e3-47e9-8284-fbfa6d96ef9a'},
             {'createdAt': '2019-09-20T22:27:10.721Z',
              'id': '95qRwfJnSORQ',
              'isRead': False,
              'modifiedAt': '2020-05-21T14:55:58.008Z',
              'status': 'requested',
              'transactionId': 'xAsSYDsiEGSj',
              'userFullName': 'Kaylin Homenick',
              'userId': 't45AiwidW',
              'uuid': '0b5a0f25-c56b-4434-ba4d-21f133d8964f'},
             {'createdAt': '2019-11-14T17:00:33.637Z',
              'id': 'Fq8xLCRtpWhT',
              'isRead': False,
              'modifiedAt': '2020-05-21T12:51:07.700Z',
              'status': 'received',
              'transactionId': '76Vs0Fye9Mwt',
              'userFullName': 'Edgar Johns',
              'userId': 't45AiwidW',
              'uuid': '0e2dc23a-1d85-49e5-98fb-93f9e8f961bb'},
             {'commentId': 'K3HLpKcGKDiP',
              'createdAt': '2019-06-20T06:13:18.420Z',
              'id': '88Nrddj3XCir',
              'isRead': False,
              'modifiedAt': '2020-05-21T11:22:54.822Z',
              'transactionId': 'lPUBZKlc4MLR',
              'userFullName': 'Edgar Johns',
              'userId': 't45AiwidW',
              'uuid': '7b1697cf-4240-4eed-bc19-e60f60268b31'},
             {'createdAt': '2020-03-08T01:11:42.032Z',
              'id': 'Bf5th29A1FHa',
              'isRead': False,
              'modifiedAt': '2020-05-21T09:41:32.115Z',
              'status': 'requested',
              'transactionId': '76Vs0Fye9Mwt',
              'userFullName': 'Edgar Johns',
              'userId': 't45AiwidW',
              'uuid': 'f9a7bdb3-7c32-44bf-8ce6-af31ebffd7b3'},
             {'createdAt': '2020-01-27T17:56:05.262Z',
              'id': 'kpQnRR8__imz',
              'isRead': False,
              'modifiedAt': '2020-05-21T09:41:18.687Z',
              'status': 'received',
              'transactionId': 'b0mCj0O2EKHN',
              'userFullName': 'Edgar Johns',
              'userId': 't45AiwidW',
              'uuid': '28e9c413-eb1c-488b-9a37-0755fd35cd15'},
             {'createdAt': '2019-11-25T00:43:47.170Z',
              'id': 'ojTwLrF1tDvQ',
              'isRead': False,
              'modifiedAt': '2020-05-21T02:47:36.259Z',
              'status': 'requested',
              'transactionId': 'b0mCj0O2EKHN',
              'userFullName': 'Edgar Johns',
              'userId': 't45AiwidW',
              'uuid': '792ea312-b91f-406b-8929-77f83cdd6094'}]}</msg>
<status status="PASS" starttime="20210304 20:47:30.897" endtime="20210304 20:47:30.910"></status>
</kw>
<kw name="Delete Notifications" library="Notifications">
<doc>KW smaze 'cnt' notifikaci prihlaseneho uzivatele podle jmena 'name' v notifikaci. Notifikace se mazou pomoci
volani PATCH /notifications/{notification_id}.</doc>
<arguments>
<arg>name=Edgar</arg>
<arg>cnt=${1}</arg>
</arguments>
<msg timestamp="20210304 20:47:30.910" level="TRACE">Arguments: [ name='Edgar' | cnt=1 ]</msg>
<msg timestamp="20210304 20:47:30.911" level="WARN">del-notif: slovnik 'notif_dict' ulozen v ramci KW 'get notifications'</msg>
<msg timestamp="20210304 20:47:30.913" level="WARN">del-notif: mazu notifikaci se jmenem: Edgar Johns</msg>
<msg timestamp="20210304 20:47:30.913" level="WARN">del-notif: mazu notifikaci s id: Fq8xLCRtpWhT</msg>
<msg timestamp="20210304 20:47:30.931" level="DEBUG">http://localhost:3001 "PATCH /notifications/Fq8xLCRtpWhT HTTP/1.1" 204 0</msg>
<msg timestamp="20210304 20:47:30.932" level="WARN">del-notif: smazano: 1 notifikaci od: Edgar</msg>
<msg timestamp="20210304 20:47:30.946" level="DEBUG">http://localhost:3001 "GET /notifications HTTP/1.1" 200 1879</msg>
<msg timestamp="20210304 20:47:30.947" level="TRACE">Return: None</msg>
<status status="PASS" starttime="20210304 20:47:30.910" endtime="20210304 20:47:30.947"></status>
</kw>
<doc>Test smaze n anebo vsechny notifikace prihlaseneho uzivatele podle vybraneho jmena v notifikaci.</doc>
<tags>
<tag>del_notif</tag>
<tag>smoke</tag>
</tags>
<status status="PASS" starttime="20210304 20:47:30.896" endtime="20210304 20:47:30.948" critical="yes"></status>
</test>
<test id="s1-t4" name="Send money">
<kw name="Get Receiver Id" library="Transactions">
<doc>KW ziska z api id-cko prijemce, jemuz se odeslou penize a ulozi ho jako 'receiver_id' pro pouziti v jinych
KW. Pokud se KW nepreda argument 'name', potom se 'receiver_id' vygeneruje na zaklade 'name' z testovacich
dat. 'receiver_id' se ziska parsovanim odpovedi GET /users.</doc>
<arguments>
<arg>name=Tavares_Barrows</arg>
</arguments>
<msg timestamp="20210304 20:47:30.950" level="TRACE">Arguments: [ name='Tavares_Barrows' ]</msg>
<msg timestamp="20210304 20:47:30.958" level="DEBUG">http://localhost:3001 "GET /users HTTP/1.1" 200 1871</msg>
<msg timestamp="20210304 20:47:30.959" level="WARN">send-money: jmeno prijemce ma receiver-id: qywYp6hS0U</msg>
<msg timestamp="20210304 20:47:30.959" level="TRACE">Return: 'qywYp6hS0U'</msg>
<status status="PASS" starttime="20210304 20:47:30.950" endtime="20210304 20:47:30.959"></status>
</kw>
<kw name="Send Money" library="Transactions">
<doc>KW odesle platbu ve vysi 'amount' dolaru prijemci 'name' zavolanim POST /transactions. Odpoved z api
validuje vuci ocekavanym vysledkum v testovacich datech.</doc>
<arguments>
<arg>name=Tavares_Barrows</arg>
<arg>amount=${1}</arg>
</arguments>
<msg timestamp="20210304 20:47:30.960" level="TRACE">Arguments: [ name='Tavares_Barrows' | amount=1 ]</msg>
<msg timestamp="20210304 20:47:30.979" level="DEBUG">http://localhost:3001 "GET /users HTTP/1.1" 200 1871</msg>
<msg timestamp="20210304 20:47:30.980" level="WARN">send-money: jmeno prijemce ma receiver-id: qywYp6hS0U</msg>
<msg timestamp="20210304 20:47:31.046" level="DEBUG">http://localhost:3001 "POST /transactions HTTP/1.1" 200 305</msg>
<msg timestamp="20210304 20:47:31.047" level="WARN">send-money: request: {'transactionType': 'payment', 'amount': 1, 'description': 'Penize od Jessyca.Kuhic', 'senderId': 't45AiwidW', 'receiverId': 'qywYp6hS0U'}</msg>
<msg timestamp="20210304 20:47:31.047" level="WARN">send-money: response: {'transaction': {'id': '1wPka4CF6', 'uuid': 'bd88a7f4-ae51-413a-854d-8837ff7cc6c2', 'amount': 100, 'description': 'Penize od Jessyca.Kuhic', 'receiverId': 'qywYp6hS0U', 'senderId': 't45AiwidW', 'privacyLevel': 'public', 'status': 'complete', 'createdAt': '2021-03-04T19:47:30.992Z', 'modifiedAt': '2021-03-04T19:47:30.992Z'}}</msg>
<msg timestamp="20210304 20:47:31.048" level="WARN">send-money: sender-id: t45AiwidW</msg>
<msg timestamp="20210304 20:47:31.048" level="WARN">send-money: receiver-id: qywYp6hS0U</msg>
<msg timestamp="20210304 20:47:31.049" level="WARN">send-money: expected_response: {'transaction': {'id': '', 'uuid': '', 'amount': 100, 'description': 'Penize od Jessyca.Kuhic', 'receiverId': 'qywYp6hS0U', 'senderId': 't45AiwidW', 'privacyLevel': 'public', 'status': 'complete', 'createdAt': '', 'modifiedAt': ''}}</msg>
<msg timestamp="20210304 20:47:31.049" level="WARN">send-money: actual_response: {'transaction': {'id': '1wPka4CF6', 'uuid': 'bd88a7f4-ae51-413a-854d-8837ff7cc6c2', 'amount': 100, 'description': 'Penize od Jessyca.Kuhic', 'receiverId': 'qywYp6hS0U', 'senderId': 't45AiwidW', 'privacyLevel': 'public', 'status': 'complete', 'createdAt': '2021-03-04T19:47:30.992Z', 'modifiedAt': '2021-03-04T19:47:30.992Z'}}</msg>
<msg timestamp="20210304 20:47:31.060" level="DEBUG">http://localhost:3001 "GET /checkAuth HTTP/1.1" 200 470</msg>
<msg timestamp="20210304 20:47:31.062" level="WARN">send-money: check-pred-platbou: $1,681.37</msg>
<msg timestamp="20210304 20:47:31.063" level="INFO">${USER_BALANCE} = 168037</msg>
<msg timestamp="20210304 20:47:31.063" level="WARN">send-money: check-po-platbe: $1,680.37</msg>
<msg timestamp="20210304 20:47:31.063" level="WARN">send-money: doslo k uspesnemu odeslani 1 $ na ucet prijemce</msg>
<msg timestamp="20210304 20:47:31.064" level="TRACE">Return: None</msg>
<status status="PASS" starttime="20210304 20:47:30.960" endtime="20210304 20:47:31.064"></status>
</kw>
<doc>Test odesle platbu vybranemu prijemci ze seznamu pratel.</doc>
<tags>
<tag>send_money</tag>
<tag>smoke</tag>
</tags>
<status status="PASS" starttime="20210304 20:47:30.948" endtime="20210304 20:47:31.065" critical="yes"></status>
</test>
<kw name="Teardown" library="SuiteTeardown" type="teardown">
<doc>KW odhlasi prihlaseneho uzivatele z aplikace rwa a ukonci aktivni session.</doc>
<msg timestamp="20210304 20:47:31.067" level="TRACE">Arguments: [  ]</msg>
<msg timestamp="20210304 20:47:31.076" level="DEBUG">http://localhost:3001 "POST /logout HTTP/1.1" 302 23</msg>
<msg timestamp="20210304 20:47:31.080" level="WARN">logout: doslo k uspesnemu odhlaseni uzivatele</msg>
<msg timestamp="20210304 20:47:31.081" level="TRACE">Return: None</msg>
<status status="PASS" starttime="20210304 20:47:31.067" endtime="20210304 20:47:31.081"></status>
</kw>
<doc>Testovaci sada obsahuje vybrane testy pro validaci rwa api. Pro prihlaseni do api se pouziva
uzivatel: Katharina_Bernier.</doc>
<status status="PASS" starttime="20210304 20:47:30.145" endtime="20210304 20:47:31.081"></status>
</suite>
<statistics>
<total>
<stat pass="4" fail="0">Critical Tests</stat>
<stat pass="4" fail="0">All Tests</stat>
</total>
<tag>
<stat pass="1" fail="0">del_notif</stat>
<stat pass="1" fail="0">get_bank_acc</stat>
<stat pass="1" fail="0">get_notif</stat>
<stat pass="1" fail="0">send_money</stat>
<stat pass="4" fail="0">smoke</stat>
</tag>
<suite>
<stat pass="4" fail="0" id="s1" name="Rwa Api Smoke">Rwa Api Smoke</stat>
</suite>
</statistics>
<errors>
<msg timestamp="20210304 20:47:30.141" level="WARN">Argumenty listeneru: ()
</msg>
<msg timestamp="20210304 20:47:30.864" level="WARN">login: doslo k uspesnemu prihlaseni uzivatele: Katharina_Bernier</msg>
<msg timestamp="20210304 20:47:30.878" level="WARN">get-bank-acc: detaily uctu z api jsou shodne s ocekavanymi vysledky</msg>
<msg timestamp="20210304 20:47:30.911" level="WARN">del-notif: slovnik 'notif_dict' ulozen v ramci KW 'get notifications'</msg>
<msg timestamp="20210304 20:47:30.913" level="WARN">del-notif: mazu notifikaci se jmenem: Edgar Johns</msg>
<msg timestamp="20210304 20:47:30.913" level="WARN">del-notif: mazu notifikaci s id: Fq8xLCRtpWhT</msg>
<msg timestamp="20210304 20:47:30.932" level="WARN">del-notif: smazano: 1 notifikaci od: Edgar</msg>
<msg timestamp="20210304 20:47:30.959" level="WARN">send-money: jmeno prijemce ma receiver-id: qywYp6hS0U</msg>
<msg timestamp="20210304 20:47:30.980" level="WARN">send-money: jmeno prijemce ma receiver-id: qywYp6hS0U</msg>
<msg timestamp="20210304 20:47:31.047" level="WARN">send-money: request: {'transactionType': 'payment', 'amount': 1, 'description': 'Penize od Jessyca.Kuhic', 'senderId': 't45AiwidW', 'receiverId': 'qywYp6hS0U'}</msg>
<msg timestamp="20210304 20:47:31.047" level="WARN">send-money: response: {'transaction': {'id': '1wPka4CF6', 'uuid': 'bd88a7f4-ae51-413a-854d-8837ff7cc6c2', 'amount': 100, 'description': 'Penize od Jessyca.Kuhic', 'receiverId': 'qywYp6hS0U', 'senderId': 't45AiwidW', 'privacyLevel': 'public', 'status': 'complete', 'createdAt': '2021-03-04T19:47:30.992Z', 'modifiedAt': '2021-03-04T19:47:30.992Z'}}</msg>
<msg timestamp="20210304 20:47:31.048" level="WARN">send-money: sender-id: t45AiwidW</msg>
<msg timestamp="20210304 20:47:31.048" level="WARN">send-money: receiver-id: qywYp6hS0U</msg>
<msg timestamp="20210304 20:47:31.049" level="WARN">send-money: expected_response: {'transaction': {'id': '', 'uuid': '', 'amount': 100, 'description': 'Penize od Jessyca.Kuhic', 'receiverId': 'qywYp6hS0U', 'senderId': 't45AiwidW', 'privacyLevel': 'public', 'status': 'complete', 'createdAt': '', 'modifiedAt': ''}}</msg>
<msg timestamp="20210304 20:47:31.049" level="WARN">send-money: actual_response: {'transaction': {'id': '1wPka4CF6', 'uuid': 'bd88a7f4-ae51-413a-854d-8837ff7cc6c2', 'amount': 100, 'description': 'Penize od Jessyca.Kuhic', 'receiverId': 'qywYp6hS0U', 'senderId': 't45AiwidW', 'privacyLevel': 'public', 'status': 'complete', 'createdAt': '2021-03-04T19:47:30.992Z', 'modifiedAt': '2021-03-04T19:47:30.992Z'}}</msg>
<msg timestamp="20210304 20:47:31.062" level="WARN">send-money: check-pred-platbou: $1,681.37</msg>
<msg timestamp="20210304 20:47:31.063" level="WARN">send-money: check-po-platbe: $1,680.37</msg>
<msg timestamp="20210304 20:47:31.063" level="WARN">send-money: doslo k uspesnemu odeslani 1 $ na ucet prijemce</msg>
<msg timestamp="20210304 20:47:31.080" level="WARN">logout: doslo k uspesnemu odhlaseni uzivatele</msg>
<msg timestamp="20210304 20:47:31.082" level="WARN">reporting-url: https://quickchart.io/chart?c=%7B%22type%22%3A+%22bar%22%2C+%22data%22%3A+%7B%22labels%22%3A+%5B%22Get+bank+account%22%2C+%22Get+notifications%22%2C+%22Delete+n+notifications%22%2C+%22Send+money%22%5D%2C+%22datasets%22%3A+%5B%7B%22label%22%3A+%22Fail%22%2C+%22backgroundColor%22%3A+%22rgba%28255%2C+99%2C+132%2C+0.5%29%22%2C+%22borderColor%22%3A+%22rgb%28255%2C+99%2C+132%29%22%2C+%22borderWidth%22%3A+1%2C+%22data%22%3A+%5B0%2C+0%2C+0%2C+0%5D%7D%2C+%7B%22label%22%3A+%22Pass%22%2C+%22backgroundColor%22%3A+%22rgba%2854%2C+162%2C+235%2C+0.5%29%22%2C+%22borderColor%22%3A+%22rgb%2854%2C+162%2C+235%29%22%2C+%22borderWidth%22%3A+1%2C+%22data%22%3A+%5B1%2C+1%2C+1%2C+1%5D%7D%5D%7D%2C+%22options%22%3A+%7B%22responsive%22%3A+true%2C+%22legend%22%3A+%7B%22position%22%3A+%22top%22%7D%2C+%22title%22%3A+%7B%22display%22%3A+true%2C+%22text%22%3A+%22Automatizace+aplikace+RWA+pomoci+robot+framework%2C+python+a+selenium%22%7D%7D%7D&amp;w=500&amp;h=300&amp;bkg=%23ffffff&amp;devicePixelRatio=2.0&amp;f=png</msg>
<msg timestamp="20210304 20:47:31.082" level="WARN">reporting-qr-kod: https://quickchart.io/qr?text=https://quickchart.io/chart?c=%7B%22type%22%3A+%22bar%22%2C+%22data%22%3A+%7B%22labels%22%3A+%5B%22Get+bank+account%22%2C+%22Get+notifications%22%2C+%22Delete+n+notifications%22%2C+%22Send+money%22%5D%2C+%22datasets%22%3A+%5B%7B%22label%22%3A+%22Fail%22%2C+%22backgroundColor%22%3A+%22rgba%28255%2C+99%2C+132%2C+0.5%29%22%2C+%22borderColor%22%3A+%22rgb%28255%2C+99%2C+132%29%22%2C+%22borderWidth%22%3A+1%2C+%22data%22%3A+%5B0%2C+0%2C+0%2C+0%5D%7D%2C+%7B%22label%22%3A+%22Pass%22%2C+%22backgroundColor%22%3A+%22rgba%2854%2C+162%2C+235%2C+0.5%29%22%2C+%22borderColor%22%3A+%22rgb%2854%2C+162%2C+235%29%22%2C+%22borderWidth%22%3A+1%2C+%22data%22%3A+%5B1%2C+1%2C+1%2C+1%5D%7D%5D%7D%2C+%22options%22%3A+%7B%22responsive%22%3A+true%2C+%22legend%22%3A+%7B%22position%22%3A+%22top%22%7D%2C+%22title%22%3A+%7B%22display%22%3A+true%2C+%22text%22%3A+%22Automatizace+aplikace+RWA+pomoci+robot+framework%2C+python+a+selenium%22%7D%7D%7D&amp;w=500&amp;h=300&amp;bkg=%23ffffff&amp;devicePixelRatio=2.0&amp;f=png&amp;size=250</msg>
</errors>
</robot>
