<?xml version="1.0" encoding="UTF-8"?>
<robot generator="Robot 3.2.2 (Python 3.7.3 on win32)" generated="20210215 17:30:22.775" rpa="false">
<suite id="s1" name="Rwa Api Smoke" source="C:\Users\kristd\PycharmProjects\train\api\testsuites\rwa\tests\rwa_api_smoke.robot">
<kw name="Setup" library="SuiteSetup" type="setup">
<doc>KW prihlasi uzivatele do aplikace rwa.</doc>
<msg timestamp="20210215 17:30:23.707" level="TRACE">Arguments: [  ]</msg>
<msg timestamp="20210215 17:30:23.742" level="DEBUG">Starting new HTTP connection (1): localhost:3001</msg>
<msg timestamp="20210215 17:30:23.889" level="DEBUG">http://localhost:3001 "POST /login HTTP/1.1" 200 466</msg>
<msg timestamp="20210215 17:30:23.891" level="INFO">${USER_ID} = t45AiwidW</msg>
<msg timestamp="20210215 17:30:23.892" level="INFO">${USER_BALANCE} = 166837</msg>
<msg timestamp="20210215 17:30:23.895" level="WARN">login: doslo k uspesnemu prihlaseni uzivatele: Katharina_Bernier</msg>
<msg timestamp="20210215 17:30:23.895" level="TRACE">Return: None</msg>
<status status="PASS" starttime="20210215 17:30:23.706" endtime="20210215 17:30:23.895"></status>
</kw>
<test id="s1-t1" name="Get bank account">
<kw name="Get Bank Account" library="BankAccounts">
<doc>KW overi detaily vychoziho bankovniho uctu prihlaseneho uzivatele pomoci GET /bankAccounts.</doc>
<msg timestamp="20210215 17:30:23.896" level="TRACE">Arguments: [  ]</msg>
<msg timestamp="20210215 17:30:23.901" level="DEBUG">http://localhost:3001 "GET /bankAccounts HTTP/1.1" 200 290</msg>
<msg timestamp="20210215 17:30:23.907" level="WARN">get-bank-acc: detaily uctu z api jsou shodne s ocekavanymi vysledky</msg>
<msg timestamp="20210215 17:30:23.908" level="TRACE">Return: None</msg>
<status status="PASS" starttime="20210215 17:30:23.896" endtime="20210215 17:30:23.908"></status>
</kw>
<doc>Test overi spravnost detailu vychoziho bankovniho uctu prihlaseneho uzivatele.</doc>
<tags>
<tag>check_bank_acc</tag>
<tag>smoke</tag>
</tags>
<status status="PASS" starttime="20210215 17:30:23.895" endtime="20210215 17:30:23.908" critical="yes"></status>
</test>
<test id="s1-t2" name="Get notifications">
<kw name="Get Notification List" library="Notifications">
<doc>KW vraci python slovnik se vsemi notifikacemi prihlaseneho uzivatele pomoci GET /notifications.</doc>
<msg timestamp="20210215 17:30:23.916" level="TRACE">Arguments: [  ]</msg>
<msg timestamp="20210215 17:30:23.936" level="DEBUG">http://localhost:3001 "GET /notifications HTTP/1.1" 200 818</msg>
<msg timestamp="20210215 17:30:23.937" level="TRACE">Return: {'results': [{'createdAt': '2019-10-15T13:21:49.772Z',
              'id': '9m-W-uI5fQUF',
              'isRead': False,
              'likeId': 'heOJ8kL74llw',
              'modifiedAt': '2020-05-21T20:08:05.787Z',
              'transactionId': 'PPrW38YZtQD',
              'userFullName': 'Ibrahim Dickens',
              'userId': 't45AiwidW',
              'uuid': 'f4a10fbf-d12e-4a6d-b888-d86989b66687'},
             {'createdAt': '2019-11-12T12:51:00.239Z',
              'id': 'tk8jNBQURvQz',
              'isRead': False,
              'modifiedAt': '2020-05-21T18:26:16.366Z',
              'status': 'received',
              'transactionId': 'xAsSYDsiEGSj',
              'userFullName': 'Kaylin Homenick',
              'userId': 't45AiwidW',
              'uuid': 'c4ece032-38e3-47e9-8284-fbfa6d96ef9a'},
             {'createdAt': '2019-09-20T22:27:10.721Z',
              'id': '95qRwfJnSORQ',
              'isRead': False,
              'modifiedAt': '2020-05-21T14:55:58.008Z',
              'status': 'requested',
              'transactionId': 'xAsSYDsiEGSj',
              'userFullName': 'Kaylin Homenick',
              'userId': 't45AiwidW',
              'uuid': '0b5a0f25-c56b-4434-ba4d-21f133d8964f'}]}</msg>
<status status="PASS" starttime="20210215 17:30:23.912" endtime="20210215 17:30:23.939"></status>
</kw>
<doc>Test vrati seznam vsech notifikaci prihlaseneho uzivatele.</doc>
<tags>
<tag>get_notif</tag>
<tag>smoke</tag>
</tags>
<status status="PASS" starttime="20210215 17:30:23.909" endtime="20210215 17:30:23.939" critical="yes"></status>
</test>
<test id="s1-t3" name="Delete n notifications">
<kw name="Get Notification List" library="Notifications">
<doc>KW vraci python slovnik se vsemi notifikacemi prihlaseneho uzivatele pomoci GET /notifications.</doc>
<msg timestamp="20210215 17:30:23.942" level="TRACE">Arguments: [  ]</msg>
<msg timestamp="20210215 17:30:23.961" level="DEBUG">http://localhost:3001 "GET /notifications HTTP/1.1" 200 818</msg>
<msg timestamp="20210215 17:30:23.961" level="TRACE">Return: {'results': [{'createdAt': '2019-10-15T13:21:49.772Z',
              'id': '9m-W-uI5fQUF',
              'isRead': False,
              'likeId': 'heOJ8kL74llw',
              'modifiedAt': '2020-05-21T20:08:05.787Z',
              'transactionId': 'PPrW38YZtQD',
              'userFullName': 'Ibrahim Dickens',
              'userId': 't45AiwidW',
              'uuid': 'f4a10fbf-d12e-4a6d-b888-d86989b66687'},
             {'createdAt': '2019-11-12T12:51:00.239Z',
              'id': 'tk8jNBQURvQz',
              'isRead': False,
              'modifiedAt': '2020-05-21T18:26:16.366Z',
              'status': 'received',
              'transactionId': 'xAsSYDsiEGSj',
              'userFullName': 'Kaylin Homenick',
              'userId': 't45AiwidW',
              'uuid': 'c4ece032-38e3-47e9-8284-fbfa6d96ef9a'},
             {'createdAt': '2019-09-20T22:27:10.721Z',
              'id': '95qRwfJnSORQ',
              'isRead': False,
              'modifiedAt': '2020-05-21T14:55:58.008Z',
              'status': 'requested',
              'transactionId': 'xAsSYDsiEGSj',
              'userFullName': 'Kaylin Homenick',
              'userId': 't45AiwidW',
              'uuid': '0b5a0f25-c56b-4434-ba4d-21f133d8964f'}]}</msg>
<status status="PASS" starttime="20210215 17:30:23.941" endtime="20210215 17:30:23.963"></status>
</kw>
<kw name="Delete Notifications" library="Notifications">
<doc>KW smaze 'cnt' notifikaci prihlaseneho uzivatele podle jmena 'name' v notifikaci. Notifikace se mazou pomoci
volani PATCH /notifications/{notification_id}.</doc>
<arguments>
<arg>name=Edgar</arg>
<arg>cnt=${1}</arg>
</arguments>
<msg timestamp="20210215 17:30:23.964" level="TRACE">Arguments: [ name='Edgar' | cnt=1 ]</msg>
<msg timestamp="20210215 17:30:23.966" level="WARN">del-notif: slovnik 'notif_dict' ulozen v ramci KW 'get notifications'</msg>
<msg timestamp="20210215 17:30:23.968" level="WARN">del-notif: uzivatel nema dalsi notifikace od: Edgar</msg>
<msg timestamp="20210215 17:30:23.988" level="FAIL">err: nejsou testovaci data pro: Edgar, test konci.</msg>
<msg timestamp="20210215 17:30:23.989" level="DEBUG">Traceback (most recent call last):
  File "C:\Users\kristd\PycharmProjects\train\api\keywords\rwa\Notifications.py", line 37, in delete_notifications
    assert self._is_notif_dict_empty(name, notif_dict), f'err: nejsou testovaci data pro: {name}, test konci.'</msg>
<status status="FAIL" starttime="20210215 17:30:23.963" endtime="20210215 17:30:23.989"></status>
</kw>
<doc>Test smaze n anebo vsechny notifikace prihlaseneho uzivatele podle vybraneho jmena v notifikaci.</doc>
<tags>
<tag>del_notif</tag>
<tag>smoke</tag>
</tags>
<status status="FAIL" starttime="20210215 17:30:23.940" endtime="20210215 17:30:23.990" critical="yes">err: nejsou testovaci data pro: Edgar, test konci.</status>
</test>
<test id="s1-t4" name="Send money">
<kw name="Get Receiver Id" library="Transactions">
<doc>KW ziska z api id-cko prijemce, jemuz se odeslou penize a ulozi ho jako 'receiver_id' pro pouziti v jinych
KW. Pokud se KW nepreda argument 'name', potom se 'receiver_id' vygeneruje na zaklade 'name' z testovacich
dat. 'receiver_id' se ziska parsovanim odpovedi GET /users.</doc>
<arguments>
<arg>name=Tavares_Barrows</arg>
</arguments>
<msg timestamp="20210215 17:30:23.993" level="TRACE">Arguments: [ name='Tavares_Barrows' ]</msg>
<msg timestamp="20210215 17:30:23.998" level="DEBUG">http://localhost:3001 "GET /users HTTP/1.1" 200 1855</msg>
<msg timestamp="20210215 17:30:23.999" level="WARN">send-money: jmeno prijemce ma receiver-id: qywYp6hS0U</msg>
<msg timestamp="20210215 17:30:24.000" level="TRACE">Return: 'qywYp6hS0U'</msg>
<status status="PASS" starttime="20210215 17:30:23.993" endtime="20210215 17:30:24.000"></status>
</kw>
<kw name="Send Money" library="Transactions">
<doc>KW odesle platbu ve vysi 'amount' dolaru prijemci 'name' zavolanim POST /transactions. Odpoved z api
validuje vuci ocekavanym vysledkum v testovacich datech.</doc>
<arguments>
<arg>name=Tavares_Barrows</arg>
<arg>amount=${1}</arg>
</arguments>
<msg timestamp="20210215 17:30:24.001" level="TRACE">Arguments: [ name='Tavares_Barrows' | amount=1 ]</msg>
<msg timestamp="20210215 17:30:24.009" level="DEBUG">http://localhost:3001 "GET /users HTTP/1.1" 200 1855</msg>
<msg timestamp="20210215 17:30:24.010" level="WARN">send-money: jmeno prijemce ma receiver-id: qywYp6hS0U</msg>
<msg timestamp="20210215 17:30:24.092" level="DEBUG">http://localhost:3001 "POST /transactions HTTP/1.1" 200 305</msg>
<msg timestamp="20210215 17:30:24.093" level="WARN">send-money: request: {'transactionType': 'payment', 'amount': 1, 'description': 'Penize od Jessyca.Kuhic', 'senderId': 't45AiwidW', 'receiverId': 'qywYp6hS0U'}</msg>
<msg timestamp="20210215 17:30:24.093" level="WARN">send-money: response: {'transaction': {'id': 'P5WDujts2', 'uuid': 'd18e4b34-6153-49e3-a849-31a4bea0b5ac', 'amount': 100, 'description': 'Penize od Jessyca.Kuhic', 'receiverId': 'qywYp6hS0U', 'senderId': 't45AiwidW', 'privacyLevel': 'public', 'status': 'complete', 'createdAt': '2021-02-15T16:30:24.035Z', 'modifiedAt': '2021-02-15T16:30:24.035Z'}}</msg>
<msg timestamp="20210215 17:30:24.094" level="WARN">send-money: sender-id: t45AiwidW</msg>
<msg timestamp="20210215 17:30:24.094" level="WARN">send-money: receiver-id: qywYp6hS0U</msg>
<msg timestamp="20210215 17:30:24.095" level="WARN">send-money: expected_response: {'transaction': {'id': '', 'uuid': '', 'amount': 100, 'description': 'Penize od Jessyca.Kuhic', 'receiverId': 'qywYp6hS0U', 'senderId': 't45AiwidW', 'privacyLevel': 'public', 'status': 'complete', 'createdAt': '', 'modifiedAt': ''}}</msg>
<msg timestamp="20210215 17:30:24.095" level="WARN">send-money: actual_response: {'transaction': {'id': 'P5WDujts2', 'uuid': 'd18e4b34-6153-49e3-a849-31a4bea0b5ac', 'amount': 100, 'description': 'Penize od Jessyca.Kuhic', 'receiverId': 'qywYp6hS0U', 'senderId': 't45AiwidW', 'privacyLevel': 'public', 'status': 'complete', 'createdAt': '2021-02-15T16:30:24.035Z', 'modifiedAt': '2021-02-15T16:30:24.035Z'}}</msg>
<msg timestamp="20210215 17:30:24.111" level="DEBUG">http://localhost:3001 "GET /checkAuth HTTP/1.1" 200 466</msg>
<msg timestamp="20210215 17:30:24.116" level="WARN">send-money: check-pred-platbou: $1,668.37</msg>
<msg timestamp="20210215 17:30:24.117" level="INFO">${USER_BALANCE} = 166737</msg>
<msg timestamp="20210215 17:30:24.117" level="WARN">send-money: check-po-platbe: $1,667.37</msg>
<msg timestamp="20210215 17:30:24.118" level="WARN">send-money: doslo k uspesnemu odeslani 1 $ na ucet prijemce</msg>
<msg timestamp="20210215 17:30:24.119" level="TRACE">Return: None</msg>
<status status="PASS" starttime="20210215 17:30:24.000" endtime="20210215 17:30:24.119"></status>
</kw>
<doc>Test odesle platbu vybranemu prijemci ze seznamu pratel.</doc>
<tags>
<tag>send_money</tag>
<tag>smoke</tag>
</tags>
<status status="PASS" starttime="20210215 17:30:23.991" endtime="20210215 17:30:24.120" critical="yes"></status>
</test>
<kw name="Teardown" library="SuiteTeardown" type="teardown">
<doc>KW odhlasi prihlaseneho uzivatele z aplikace rwa a ukonci aktivni session.</doc>
<msg timestamp="20210215 17:30:24.122" level="TRACE">Arguments: [  ]</msg>
<msg timestamp="20210215 17:30:24.130" level="DEBUG">http://localhost:3001 "POST /logout HTTP/1.1" 302 23</msg>
<msg timestamp="20210215 17:30:24.143" level="WARN">logout: doslo k uspesnemu odhlaseni uzivatele</msg>
<msg timestamp="20210215 17:30:24.150" level="TRACE">Return: None</msg>
<status status="PASS" starttime="20210215 17:30:24.122" endtime="20210215 17:30:24.151"></status>
</kw>
<doc>Testovaci sada obsahuje vybrane testy pro validaci rwa api. Pro prihlaseni do api se pouziva
uzivatel: Katharina_Bernier.</doc>
<status status="FAIL" starttime="20210215 17:30:22.831" endtime="20210215 17:30:24.151"></status>
</suite>
<statistics>
<total>
<stat pass="3" fail="1">Critical Tests</stat>
<stat pass="3" fail="1">All Tests</stat>
</total>
<tag>
<stat pass="1" fail="0">check_bank_acc</stat>
<stat pass="0" fail="1">del_notif</stat>
<stat pass="1" fail="0">get_notif</stat>
<stat pass="1" fail="0">send_money</stat>
<stat pass="3" fail="1">smoke</stat>
</tag>
<suite>
<stat pass="3" fail="1" id="s1" name="Rwa Api Smoke">Rwa Api Smoke</stat>
</suite>
</statistics>
<errors>
<msg timestamp="20210215 17:30:22.820" level="WARN">Argumenty listeneru: ()
</msg>
<msg timestamp="20210215 17:30:23.895" level="WARN">login: doslo k uspesnemu prihlaseni uzivatele: Katharina_Bernier</msg>
<msg timestamp="20210215 17:30:23.907" level="WARN">get-bank-acc: detaily uctu z api jsou shodne s ocekavanymi vysledky</msg>
<msg timestamp="20210215 17:30:23.966" level="WARN">del-notif: slovnik 'notif_dict' ulozen v ramci KW 'get notifications'</msg>
<msg timestamp="20210215 17:30:23.968" level="WARN">del-notif: uzivatel nema dalsi notifikace od: Edgar</msg>
<msg timestamp="20210215 17:30:23.999" level="WARN">send-money: jmeno prijemce ma receiver-id: qywYp6hS0U</msg>
<msg timestamp="20210215 17:30:24.010" level="WARN">send-money: jmeno prijemce ma receiver-id: qywYp6hS0U</msg>
<msg timestamp="20210215 17:30:24.093" level="WARN">send-money: request: {'transactionType': 'payment', 'amount': 1, 'description': 'Penize od Jessyca.Kuhic', 'senderId': 't45AiwidW', 'receiverId': 'qywYp6hS0U'}</msg>
<msg timestamp="20210215 17:30:24.093" level="WARN">send-money: response: {'transaction': {'id': 'P5WDujts2', 'uuid': 'd18e4b34-6153-49e3-a849-31a4bea0b5ac', 'amount': 100, 'description': 'Penize od Jessyca.Kuhic', 'receiverId': 'qywYp6hS0U', 'senderId': 't45AiwidW', 'privacyLevel': 'public', 'status': 'complete', 'createdAt': '2021-02-15T16:30:24.035Z', 'modifiedAt': '2021-02-15T16:30:24.035Z'}}</msg>
<msg timestamp="20210215 17:30:24.094" level="WARN">send-money: sender-id: t45AiwidW</msg>
<msg timestamp="20210215 17:30:24.094" level="WARN">send-money: receiver-id: qywYp6hS0U</msg>
<msg timestamp="20210215 17:30:24.095" level="WARN">send-money: expected_response: {'transaction': {'id': '', 'uuid': '', 'amount': 100, 'description': 'Penize od Jessyca.Kuhic', 'receiverId': 'qywYp6hS0U', 'senderId': 't45AiwidW', 'privacyLevel': 'public', 'status': 'complete', 'createdAt': '', 'modifiedAt': ''}}</msg>
<msg timestamp="20210215 17:30:24.095" level="WARN">send-money: actual_response: {'transaction': {'id': 'P5WDujts2', 'uuid': 'd18e4b34-6153-49e3-a849-31a4bea0b5ac', 'amount': 100, 'description': 'Penize od Jessyca.Kuhic', 'receiverId': 'qywYp6hS0U', 'senderId': 't45AiwidW', 'privacyLevel': 'public', 'status': 'complete', 'createdAt': '2021-02-15T16:30:24.035Z', 'modifiedAt': '2021-02-15T16:30:24.035Z'}}</msg>
<msg timestamp="20210215 17:30:24.116" level="WARN">send-money: check-pred-platbou: $1,668.37</msg>
<msg timestamp="20210215 17:30:24.117" level="WARN">send-money: check-po-platbe: $1,667.37</msg>
<msg timestamp="20210215 17:30:24.118" level="WARN">send-money: doslo k uspesnemu odeslani 1 $ na ucet prijemce</msg>
<msg timestamp="20210215 17:30:24.143" level="WARN">logout: doslo k uspesnemu odhlaseni uzivatele</msg>
<msg timestamp="20210215 17:30:24.154" level="WARN">reporting-url: https://quickchart.io/chart?c=%7B%22type%22%3A+%22bar%22%2C+%22data%22%3A+%7B%22labels%22%3A+%5B%22Get+bank+account%22%2C+%22Get+notifications%22%2C+%22Delete+n+notifications%22%2C+%22Send+money%22%5D%2C+%22datasets%22%3A+%5B%7B%22label%22%3A+%22Fail%22%2C+%22backgroundColor%22%3A+%22rgba%28255%2C+99%2C+132%2C+0.5%29%22%2C+%22borderColor%22%3A+%22rgb%28255%2C+99%2C+132%29%22%2C+%22borderWidth%22%3A+1%2C+%22data%22%3A+%5B0%2C+0%2C+1%2C+0%5D%7D%2C+%7B%22label%22%3A+%22Pass%22%2C+%22backgroundColor%22%3A+%22rgba%2854%2C+162%2C+235%2C+0.5%29%22%2C+%22borderColor%22%3A+%22rgb%2854%2C+162%2C+235%29%22%2C+%22borderWidth%22%3A+1%2C+%22data%22%3A+%5B1%2C+1%2C+0%2C+1%5D%7D%5D%7D%2C+%22options%22%3A+%7B%22responsive%22%3A+true%2C+%22legend%22%3A+%7B%22position%22%3A+%22top%22%7D%2C+%22title%22%3A+%7B%22display%22%3A+true%2C+%22text%22%3A+%22Automatizace+aplikace+RWA+pomoci+robot+framework%2C+python+a+selenium%22%7D%7D%7D&amp;w=500&amp;h=300&amp;bkg=%23ffffff&amp;devicePixelRatio=2.0&amp;f=png</msg>
<msg timestamp="20210215 17:30:24.157" level="WARN">reporting-qr-kod: https://quickchart.io/qr?text=https://quickchart.io/chart?c=%7B%22type%22%3A+%22bar%22%2C+%22data%22%3A+%7B%22labels%22%3A+%5B%22Get+bank+account%22%2C+%22Get+notifications%22%2C+%22Delete+n+notifications%22%2C+%22Send+money%22%5D%2C+%22datasets%22%3A+%5B%7B%22label%22%3A+%22Fail%22%2C+%22backgroundColor%22%3A+%22rgba%28255%2C+99%2C+132%2C+0.5%29%22%2C+%22borderColor%22%3A+%22rgb%28255%2C+99%2C+132%29%22%2C+%22borderWidth%22%3A+1%2C+%22data%22%3A+%5B0%2C+0%2C+1%2C+0%5D%7D%2C+%7B%22label%22%3A+%22Pass%22%2C+%22backgroundColor%22%3A+%22rgba%2854%2C+162%2C+235%2C+0.5%29%22%2C+%22borderColor%22%3A+%22rgb%2854%2C+162%2C+235%29%22%2C+%22borderWidth%22%3A+1%2C+%22data%22%3A+%5B1%2C+1%2C+0%2C+1%5D%7D%5D%7D%2C+%22options%22%3A+%7B%22responsive%22%3A+true%2C+%22legend%22%3A+%7B%22position%22%3A+%22top%22%7D%2C+%22title%22%3A+%7B%22display%22%3A+true%2C+%22text%22%3A+%22Automatizace+aplikace+RWA+pomoci+robot+framework%2C+python+a+selenium%22%7D%7D%7D&amp;w=500&amp;h=300&amp;bkg=%23ffffff&amp;devicePixelRatio=2.0&amp;f=png&amp;size=250</msg>
</errors>
</robot>
